
> backend@0.0.1 start:dev
> nest start --watch

[2J[3J[H[[90m9:12:56 PM[0m] Starting compilation in watch mode...

[[90m9:13:00 PM[0m] Found 0 errors. Watching for file changes.

[32m[Nest] 45759  - [39m07/10/2025, 9:13:01 PM [32m    LOG[39m [38;5;3m[NestFactory] [39m[32mStarting Nest application...[39m
[32m[Nest] 45759  - [39m07/10/2025, 9:13:01 PM [32m    LOG[39m [38;5;3m[InstanceLoader] [39m[32mDatabaseModule dependencies initialized[39m[38;5;3m +57ms[39m
[32m[Nest] 45759  - [39m07/10/2025, 9:13:01 PM [32m    LOG[39m [38;5;3m[InstanceLoader] [39m[32mPassportModule dependencies initialized[39m[38;5;3m +1ms[39m
[32m[Nest] 45759  - [39m07/10/2025, 9:13:01 PM [32m    LOG[39m [38;5;3m[InstanceLoader] [39m[32mThrottlerModule dependencies initialized[39m[38;5;3m +23ms[39m
[32m[Nest] 45759  - [39m07/10/2025, 9:13:01 PM [32m    LOG[39m [38;5;3m[InstanceLoader] [39m[32mAppModule dependencies initialized[39m[38;5;3m +1ms[39m
[32m[Nest] 45759  - [39m07/10/2025, 9:13:01 PM [32m    LOG[39m [38;5;3m[InstanceLoader] [39m[32mConfigHostModule dependencies initialized[39m[38;5;3m +0ms[39m
[32m[Nest] 45759  - [39m07/10/2025, 9:13:01 PM [32m    LOG[39m [38;5;3m[InstanceLoader] [39m[32mWebhooksModule dependencies initialized[39m[38;5;3m +0ms[39m
[32m[Nest] 45759  - [39m07/10/2025, 9:13:01 PM [32m    LOG[39m [38;5;3m[InstanceLoader] [39m[32mDiscoveryModule dependencies initialized[39m[38;5;3m +0ms[39m
[32m[Nest] 45759  - [39m07/10/2025, 9:13:01 PM [32m    LOG[39m [38;5;3m[InstanceLoader] [39m[32mCacheModule dependencies initialized[39m[38;5;3m +1ms[39m
[32m[Nest] 45759  - [39m07/10/2025, 9:13:01 PM [32m    LOG[39m [38;5;3m[InstanceLoader] [39m[32mConfigModule dependencies initialized[39m[38;5;3m +0ms[39m
[32m[Nest] 45759  - [39m07/10/2025, 9:13:01 PM [32m    LOG[39m [38;5;3m[InstanceLoader] [39m[32mConfigModule dependencies initialized[39m[38;5;3m +0ms[39m
[32m[Nest] 45759  - [39m07/10/2025, 9:13:01 PM [32m    LOG[39m [38;5;3m[InstanceLoader] [39m[32mScheduleModule dependencies initialized[39m[38;5;3m +1ms[39m
[32m[Nest] 45759  - [39m07/10/2025, 9:13:01 PM [32m    LOG[39m [38;5;3m[InstanceLoader] [39m[32mAiModule dependencies initialized[39m[38;5;3m +0ms[39m
[32m[Nest] 45759  - [39m07/10/2025, 9:13:01 PM [32m    LOG[39m [38;5;3m[InstanceLoader] [39m[32mSecurityModule dependencies initialized[39m[38;5;3m +0ms[39m
[32m[Nest] 45759  - [39m07/10/2025, 9:13:01 PM [32m    LOG[39m [38;5;3m[InstanceLoader] [39m[32mJwtModule dependencies initialized[39m[38;5;3m +0ms[39m
[32m[Nest] 45759  - [39m07/10/2025, 9:13:01 PM [32m    LOG[39m [38;5;3m[InstanceLoader] [39m[32mUsersModule dependencies initialized[39m[38;5;3m +1ms[39m
[32m[Nest] 45759  - [39m07/10/2025, 9:13:01 PM [32m    LOG[39m [38;5;3m[InstanceLoader] [39m[32mProspectsModule dependencies initialized[39m[38;5;3m +0ms[39m
[32m[Nest] 45759  - [39m07/10/2025, 9:13:01 PM [32m    LOG[39m [38;5;3m[InstanceLoader] [39m[32mHubspotModule dependencies initialized[39m[38;5;3m +0ms[39m
[32m[Nest] 45759  - [39m07/10/2025, 9:13:01 PM [32m    LOG[39m [38;5;3m[InstanceLoader] [39m[32mTasksModule dependencies initialized[39m[38;5;3m +0ms[39m
[32m[Nest] 45759  - [39m07/10/2025, 9:13:01 PM [32m    LOG[39m [38;5;3m[InstanceLoader] [39m[32mSettingsModule dependencies initialized[39m[38;5;3m +0ms[39m
[32m[Nest] 45759  - [39m07/10/2025, 9:13:01 PM [32m    LOG[39m [38;5;3m[InstanceLoader] [39m[32mAuthModule dependencies initialized[39m[38;5;3m +1ms[39m
[32m[Nest] 45759  - [39m07/10/2025, 9:13:01 PM [32m    LOG[39m [38;5;3m[RoutesResolver] [39m[32mAppController {/api}:[39m[38;5;3m +239ms[39m
[32m[Nest] 45759  - [39m07/10/2025, 9:13:01 PM [32m    LOG[39m [38;5;3m[RouterExplorer] [39m[32mMapped {/api/health, GET} route[39m[38;5;3m +2ms[39m
[32m[Nest] 45759  - [39m07/10/2025, 9:13:01 PM [32m    LOG[39m [38;5;3m[RouterExplorer] [39m[32mMapped {/api, GET} route[39m[38;5;3m +0ms[39m
[32m[Nest] 45759  - [39m07/10/2025, 9:13:01 PM [32m    LOG[39m [38;5;3m[RoutesResolver] [39m[32mAuthController {/api/auth}:[39m[38;5;3m +0ms[39m
[32m[Nest] 45759  - [39m07/10/2025, 9:13:01 PM [32m    LOG[39m [38;5;3m[RouterExplorer] [39m[32mMapped {/api/auth/login, POST} route[39m[38;5;3m +1ms[39m
[32m[Nest] 45759  - [39m07/10/2025, 9:13:01 PM [32m    LOG[39m [38;5;3m[RouterExplorer] [39m[32mMapped {/api/auth/register, POST} route[39m[38;5;3m +0ms[39m
[32m[Nest] 45759  - [39m07/10/2025, 9:13:01 PM [32m    LOG[39m [38;5;3m[RouterExplorer] [39m[32mMapped {/api/auth/profile, POST} route[39m[38;5;3m +0ms[39m
[32m[Nest] 45759  - [39m07/10/2025, 9:13:01 PM [32m    LOG[39m [38;5;3m[RoutesResolver] [39m[32mUsersController {/api/users}:[39m[38;5;3m +0ms[39m
[32m[Nest] 45759  - [39m07/10/2025, 9:13:01 PM [32m    LOG[39m [38;5;3m[RouterExplorer] [39m[32mMapped {/api/users, GET} route[39m[38;5;3m +0ms[39m
[32m[Nest] 45759  - [39m07/10/2025, 9:13:01 PM [32m    LOG[39m [38;5;3m[RouterExplorer] [39m[32mMapped {/api/users/:id, GET} route[39m[38;5;3m +0ms[39m
[32m[Nest] 45759  - [39m07/10/2025, 9:13:01 PM [32m    LOG[39m [38;5;3m[RouterExplorer] [39m[32mMapped {/api/users, POST} route[39m[38;5;3m +1ms[39m
[32m[Nest] 45759  - [39m07/10/2025, 9:13:01 PM [32m    LOG[39m [38;5;3m[RouterExplorer] [39m[32mMapped {/api/users/:id, PUT} route[39m[38;5;3m +0ms[39m
[32m[Nest] 45759  - [39m07/10/2025, 9:13:01 PM [32m    LOG[39m [38;5;3m[RouterExplorer] [39m[32mMapped {/api/users/:id, DELETE} route[39m[38;5;3m +0ms[39m
[32m[Nest] 45759  - [39m07/10/2025, 9:13:01 PM [32m    LOG[39m [38;5;3m[RoutesResolver] [39m[32mProspectsController {/api/prospects}:[39m[38;5;3m +0ms[39m
[32m[Nest] 45759  - [39m07/10/2025, 9:13:01 PM [32m    LOG[39m [38;5;3m[RouterExplorer] [39m[32mMapped {/api/prospects, GET} route[39m[38;5;3m +1ms[39m
[32m[Nest] 45759  - [39m07/10/2025, 9:13:01 PM [32m    LOG[39m [38;5;3m[RouterExplorer] [39m[32mMapped {/api/prospects/:id, GET} route[39m[38;5;3m +0ms[39m
[32m[Nest] 45759  - [39m07/10/2025, 9:13:01 PM [32m    LOG[39m [38;5;3m[RouterExplorer] [39m[32mMapped {/api/prospects, POST} route[39m[38;5;3m +0ms[39m
[32m[Nest] 45759  - [39m07/10/2025, 9:13:01 PM [32m    LOG[39m [38;5;3m[RouterExplorer] [39m[32mMapped {/api/prospects/:id, PUT} route[39m[38;5;3m +0ms[39m
[32m[Nest] 45759  - [39m07/10/2025, 9:13:01 PM [32m    LOG[39m [38;5;3m[RouterExplorer] [39m[32mMapped {/api/prospects/:id, DELETE} route[39m[38;5;3m +0ms[39m
[32m[Nest] 45759  - [39m07/10/2025, 9:13:01 PM [32m    LOG[39m [38;5;3m[RouterExplorer] [39m[32mMapped {/api/prospects/bulk, POST} route[39m[38;5;3m +0ms[39m
[32m[Nest] 45759  - [39m07/10/2025, 9:13:01 PM [32m    LOG[39m [38;5;3m[RoutesResolver] [39m[32mHubspotController {/api/hubspot}:[39m[38;5;3m +0ms[39m
[32m[Nest] 45759  - [39m07/10/2025, 9:13:01 PM [32m    LOG[39m [38;5;3m[RouterExplorer] [39m[32mMapped {/api/hubspot/contacts, GET} route[39m[38;5;3m +0ms[39m
[32m[Nest] 45759  - [39m07/10/2025, 9:13:01 PM [32m    LOG[39m [38;5;3m[RouterExplorer] [39m[32mMapped {/api/hubspot/sync, POST} route[39m[38;5;3m +0ms[39m
[32m[Nest] 45759  - [39m07/10/2025, 9:13:01 PM [32m    LOG[39m [38;5;3m[RoutesResolver] [39m[32mTasksController {/api/tasks}:[39m[38;5;3m +0ms[39m
[32m[Nest] 45759  - [39m07/10/2025, 9:13:01 PM [32m    LOG[39m [38;5;3m[RouterExplorer] [39m[32mMapped {/api/tasks, GET} route[39m[38;5;3m +0ms[39m
[32m[Nest] 45759  - [39m07/10/2025, 9:13:01 PM [32m    LOG[39m [38;5;3m[RouterExplorer] [39m[32mMapped {/api/tasks, POST} route[39m[38;5;3m +1ms[39m
[32m[Nest] 45759  - [39m07/10/2025, 9:13:01 PM [32m    LOG[39m [38;5;3m[RoutesResolver] [39m[32mAiController {/api/ai}:[39m[38;5;3m +0ms[39m
[32m[Nest] 45759  - [39m07/10/2025, 9:13:01 PM [32m    LOG[39m [38;5;3m[RouterExplorer] [39m[32mMapped {/api/ai/generate, POST} route[39m[38;5;3m +0ms[39m
[32m[Nest] 45759  - [39m07/10/2025, 9:13:01 PM [32m    LOG[39m [38;5;3m[RouterExplorer] [39m[32mMapped {/api/ai/analyze, POST} route[39m[38;5;3m +0ms[39m
[32m[Nest] 45759  - [39m07/10/2025, 9:13:01 PM [32m    LOG[39m [38;5;3m[RoutesResolver] [39m[32mSecurityController {/api/security}:[39m[38;5;3m +0ms[39m
[32m[Nest] 45759  - [39m07/10/2025, 9:13:01 PM [32m    LOG[39m [38;5;3m[RouterExplorer] [39m[32mMapped {/api/security/scan, POST} route[39m[38;5;3m +0ms[39m
[32m[Nest] 45759  - [39m07/10/2025, 9:13:01 PM [32m    LOG[39m [38;5;3m[RoutesResolver] [39m[32mSettingsController {/api/settings}:[39m[38;5;3m +0ms[39m
[32m[Nest] 45759  - [39m07/10/2025, 9:13:01 PM [32m    LOG[39m [38;5;3m[RouterExplorer] [39m[32mMapped {/api/settings, GET} route[39m[38;5;3m +0ms[39m
[32m[Nest] 45759  - [39m07/10/2025, 9:13:01 PM [32m    LOG[39m [38;5;3m[RouterExplorer] [39m[32mMapped {/api/settings/:key, PUT} route[39m[38;5;3m +0ms[39m
[32m[Nest] 45759  - [39m07/10/2025, 9:13:01 PM [32m    LOG[39m [38;5;3m[RoutesResolver] [39m[32mWebhooksController {/api/webhooks}:[39m[38;5;3m +0ms[39m
[32m[Nest] 45759  - [39m07/10/2025, 9:13:01 PM [32m    LOG[39m [38;5;3m[RouterExplorer] [39m[32mMapped {/api/webhooks/hubspot, POST} route[39m[38;5;3m +0ms[39m
[32m[Nest] 45759  - [39m07/10/2025, 9:13:01 PM [32m    LOG[39m [38;5;3m[RouterExplorer] [39m[32mMapped {/api/webhooks/:type, POST} route[39m[38;5;3m +0ms[39m
[32m[Nest] 45759  - [39m07/10/2025, 9:13:01 PM [32m    LOG[39m [38;5;3m[NestApplication] [39m[32mNest application successfully started[39m[38;5;3m +39ms[39m
🚀 Backend running on: http://localhost:4000
📚 Swagger docs: http://localhost:4000/api/docs
